
35. Printing statistics.

=== GEMM_CORE$main_chip.u_main.mul ===

        +----------Local Count, excluding submodules.
        | 
       30 wires
     1159 wire bits
       11 public wires
      932 public wire bits
        7 ports
      356 port bits
        7 cells
        1   $mux_209
        1   $not_1
        1   $reduce_and_2
        1   $reduce_or_2
        1   $sdff_208
        2   $sdff_64
        1 submodules
        1   matmul_4x4x4_int4_tc_cw13_4to2_sklansky_fused_speed$main_chip.u_main.mul.u_matmul

   Estimated number of transistors:          0+

=== GEMM_controller$main_chip.u_main.u_gemm_ctrl ===

        +----------Local Count, excluding submodules.
        | 
       66 wires
      141 wire bits
       26 public wires
       88 public wire bits
        8 ports
       29 port bits
       64 cells
        3   $add_3
       17   $and_1
        7   $dff_1
        1   $dff_2
        3   $eq_2
        4   $eq_3
        2   $eq_4
        6   $mux_3
        2   $mux_6
        3   $ne_2
        1   $not_1
        2   $reduce_and_2
        1   $reduce_and_3
        1   $reduce_and_4
        1   $reduce_bool_2
        1   $reduce_or_3
        1   $reduce_or_4
        3   $sdff_6
        3   $sdffe_3
        2   $sdffe_6

   Estimated number of transistors:          0+

=== SRAM_controller$main_chip.u_main.ctrl ===

        +----------Local Count, excluding submodules.
        | 
      123 wires
      261 wire bits
       40 public wires
      103 public wire bits
       21 ports
       46 port bits
      121 cells
        1   $add_2
        2   $add_8
        1   $add_9
       33   $and_1
        9   $dff_1
        1   $dff_7
        8   $eq_2
        6   $eq_3
        1   $eq_7
        1   $eq_8
        1   $eq_9
        2   $logic_and_1
        2   $logic_not_1
        2   $logic_or_1
        6   $mux_1
        2   $mux_2
        7   $mux_8
        3   $ne_2
        2   $not_1
        2   $or_1
        1   $pmux_1_2
        1   $pmux_1_3
        2   $pmux_2_2
        1   $pmux_8_2
        4   $reduce_and_2
        1   $reduce_bool_2
        2   $reduce_bool_3
        4   $reduce_or_2
        5   $reduce_or_3
        1   $sdff_1
        1   $sdff_2
        1   $sdff_3
        1   $sdff_6
        1   $sdff_8
        1   $sdffe_2
        1   $sdffe_7
        1   $sdffe_8

   Estimated number of transistors:          0+

=== main$main_chip.u_main ===

        +----------Local Count, excluding submodules.
        | 
       85 wires
     1151 wire bits
       75 public wires
     1141 public wire bits
       39 ports
       39 port bits
       24 cells
        6   $and_1
        5   $dff_1
        1   $logic_not_1
        1   $logic_or_1
        1   $mux_224
        1   $mux_8
        3   $not_1
        1   $sdff_1
        1   $sdffe_224
        1   $sdffe_8
        1   RM_IHPSG13_1P_256x64_c2_bm_bist
        2   RM_IHPSG13_1P_64x64_c2_bm_bist
        8 submodules
        1   GEMM_CORE$main_chip.u_main.mul
        1   GEMM_controller$main_chip.u_main.u_gemm_ctrl
        1   SRAM_controller$main_chip.u_main.ctrl
        1   mux2to1$main_chip.u_main.inp_A_sram_gen
        1   mux2to1$main_chip.u_main.inp_B_sram_gen
        1   pack14to16_signext$main_chip.u_main.u_pack14to16
        1   shift_registers_in$main_chip.u_main.sr_inp
        1   shift_registers_out$main_chip.u_main.sr_out

   Estimated number of transistors:          0+

=== main_chip ===

        +----------Local Count, excluding submodules.
        | 
       91 wires
       91 wire bits
       91 public wires
       91 public wire bits
       43 ports
       43 port bits
       64 cells
        4   sg13cmos5l_IOPadIOVdd
        4   sg13cmos5l_IOPadIOVss
       20   sg13cmos5l_IOPadIn
       28   sg13cmos5l_IOPadOut16mA
        4   sg13cmos5l_IOPadVdd
        4   sg13cmos5l_IOPadVss
        1 submodules
        1   main$main_chip.u_main

   Estimated number of transistors:          0+

=== matmul_4x4x4_int4_tc_cw13_4to2_sklansky_fused_speed$main_chip.u_main.mul.u_matmul ===

        +----------Local Count, excluding submodules.
        | 
    12464 wires
    12960 wire bits
     6432 public wires
     6928 public wire bits
       64 ports
      560 port bits
    12400 cells
     5504   $and_1
      272   $not_1
     1632   $or_1
     4992   $xor_1

   Estimated number of transistors:          0+

=== mux2to1$main_chip.u_main.inp_A_sram_gen ===

        +----------Local Count, excluding submodules.
        | 
        4 wires
       25 wire bits
        4 public wires
       25 public wire bits
        4 ports
       25 port bits
        1 cells
        1   $mux_8

   Estimated number of transistors:          0+

=== mux2to1$main_chip.u_main.inp_B_sram_gen ===

        +----------Local Count, excluding submodules.
        | 
        4 wires
       25 wire bits
        4 public wires
       25 public wire bits
        4 ports
       25 port bits
        1 cells
        1   $mux_8

   Estimated number of transistors:          0+

=== pack14to16_signext$main_chip.u_main.u_pack14to16 ===

        +----------Local Count, excluding submodules.
        | 
        9 wires
      805 wire bits
        7 public wires
      548 public wire bits
        6 ports
      292 port bits
        3 cells
        1   $adffe_256
        1   $mux_248
        1   $reduce_bool_2

   Estimated number of transistors:          0+

=== shift_registers_in$main_chip.u_main.sr_inp ===

        +----------Local Count, excluding submodules.
        | 
        5 wires
       83 wire bits
        5 public wires
       83 public wire bits
        5 ports
       83 port bits
        1 cells
        1   $sdffe_64

   Estimated number of transistors:          0+

=== shift_registers_out$main_chip.u_main.sr_out ===

        +----------Local Count, excluding submodules.
        | 
        8 wires
      212 wire bits
        6 public wires
      147 public wire bits
        5 ports
       83 port bits
        4 cells
        1   $mux_64
        1   $reduce_and_2
        1   $sdff_16
        1   $sdff_48

   Estimated number of transistors:          0+

=== design hierarchy ===

        +----------Count including submodules.
        | 
    12690 main_chip
       24 main$main_chip.u_main
        7   GEMM_CORE$main_chip.u_main.mul
    12400     matmul_4x4x4_int4_tc_cw13_4to2_sklansky_fused_speed$main_chip.u_main.mul.u_matmul
       64   GEMM_controller$main_chip.u_main.u_gemm_ctrl
      121   SRAM_controller$main_chip.u_main.ctrl
        1   mux2to1$main_chip.u_main.inp_A_sram_gen
        1   mux2to1$main_chip.u_main.inp_B_sram_gen
        3   pack14to16_signext$main_chip.u_main.u_pack14to16
        1   shift_registers_in$main_chip.u_main.sr_inp
        4   shift_registers_out$main_chip.u_main.sr_out

        +----------Count including submodules.
        | 
    12889 wires
    16913 wire bits
     6701 public wires
    10111 public wire bits
      206 ports
     1581 port bits
        - memories
        - memory bits
        - processes
    12690 cells
        1   $add_2
        3   $add_3
        2   $add_8
        1   $add_9
        1   $adffe_256
     5560   $and_1
       21   $dff_1
        1   $dff_2
        1   $dff_7
       11   $eq_2
       10   $eq_3
        2   $eq_4
        1   $eq_7
        1   $eq_8
        1   $eq_9
        2   $logic_and_1
        3   $logic_not_1
        3   $logic_or_1
        6   $mux_1
        2   $mux_2
        1   $mux_209
        1   $mux_224
        1   $mux_248
        6   $mux_3
        2   $mux_6
        1   $mux_64
       10   $mux_8
        6   $ne_2
      279   $not_1
     1634   $or_1
        1   $pmux_1_2
        1   $pmux_1_3
        2   $pmux_2_2
        1   $pmux_8_2
        8   $reduce_and_2
        1   $reduce_and_3
        1   $reduce_and_4
        3   $reduce_bool_2
        2   $reduce_bool_3
        5   $reduce_or_2
        6   $reduce_or_3
        1   $reduce_or_4
        2   $sdff_1
        1   $sdff_16
        1   $sdff_2
        1   $sdff_208
        1   $sdff_3
        1   $sdff_48
        4   $sdff_6
        2   $sdff_64
        1   $sdff_8
        1   $sdffe_2
        1   $sdffe_224
        3   $sdffe_3
        2   $sdffe_6
        1   $sdffe_64
        1   $sdffe_7
        2   $sdffe_8
     4992   $xor_1
        1   RM_IHPSG13_1P_256x64_c2_bm_bist
        2   RM_IHPSG13_1P_64x64_c2_bm_bist
        4   sg13cmos5l_IOPadIOVdd
        4   sg13cmos5l_IOPadIOVss
       20   sg13cmos5l_IOPadIn
       28   sg13cmos5l_IOPadOut16mA
        4   sg13cmos5l_IOPadVdd
        4   sg13cmos5l_IOPadVss
        1 submodules
        1   main$main_chip.u_main

   Estimated number of transistors:          0+

